<?xml version="1.0" encoding="UTF-8"?>
<!-- Generated by org.testng.reporters.JUnitXMLReporter -->
<testsuite ignored="0" hostname="NASIR-S-LTP" failures="0" tests="3" name="LocationsTest" time="84.665" errors="0" timestamp="2022-06-20T02:02:27 PKT">
  <testcase classname="tests.LocationTests" name="addNewLocation" time="15.695"/>
  <testcase classname="tests.LocationTests" name="editLocation" time="20.594"/>
  <testcase classname="tests.LocationTests" name="deleteLocation" time="17.19"/>
</testsuite> <!-- LocationsTest -->
